<?xml version="1.0" encoding="UTF-8"?>
<!-- Generated by org.testng.reporters.JUnitReportReporter -->
<testsuite skipped="0" hostname="XIPL9636" name="appium.MobileTest" tests="1" failures="0" timestamp="10 Apr 2020 06:18:07 GMT" time="36.462" errors="0">
  <testcase name="testApp" time="36.462" classname="appium.MobileTest"/>
</testsuite> <!-- appium.MobileTest -->
