<?xml version="1.0" encoding="UTF-8"?>
<!-- Generated by org.testng.reporters.JUnitReportReporter -->
<testsuite skipped="0" hostname="XIPL9636" name="appium.BrowserTest" tests="1" failures="0" timestamp="10 Apr 2020 06:51:51 GMT" time="21.363" errors="0">
  <testcase name="testBrowser" time="21.363" classname="appium.BrowserTest"/>
</testsuite> <!-- appium.BrowserTest -->
