<?xml version="1.0" encoding="UTF-8"?>
<!-- Generated by org.testng.reporters.JUnitReportReporter -->
<testsuite skipped="0" hostname="XIPL9636" name="SimpleTest" tests="1" failures="0" timestamp="06 Apr 2020 07:30:50 GMT" time="20.540" errors="0">
  <testcase name="testBrowser" time="20.540" classname="SimpleTest"/>
</testsuite> <!-- SimpleTest -->
